d:\work\00_github\ds3-workinprogress\code\of_v0.8.0_vs_release\apps\myapps\reactivespace\obj\debug\ofxkinect.obj
d:\work\00_github\ds3-workinprogress\code\of_v0.8.0_vs_release\apps\myapps\reactivespace\obj\debug\failguard.obj
d:\work\00_github\ds3-workinprogress\code\of_v0.8.0_vs_release\apps\myapps\reactivespace\obj\debug\libusbemu.obj
d:\work\00_github\ds3-workinprogress\code\of_v0.8.0_vs_release\apps\myapps\reactivespace\obj\debug\cameras.obj
d:\work\00_github\ds3-workinprogress\code\of_v0.8.0_vs_release\apps\myapps\reactivespace\obj\debug\core.obj
d:\work\00_github\ds3-workinprogress\code\of_v0.8.0_vs_release\apps\myapps\reactivespace\obj\debug\registration.obj
d:\work\00_github\ds3-workinprogress\code\of_v0.8.0_vs_release\apps\myapps\reactivespace\obj\debug\tilt.obj
d:\work\00_github\ds3-workinprogress\code\of_v0.8.0_vs_release\apps\myapps\reactivespace\obj\debug\usb_libusb10.obj
d:\work\00_github\ds3-workinprogress\code\of_v0.8.0_vs_release\apps\myapps\reactivespace\obj\debug\ofxcvcolorimage.obj
d:\work\00_github\ds3-workinprogress\code\of_v0.8.0_vs_release\apps\myapps\reactivespace\obj\debug\ofxcvcontourfinder.obj
d:\work\00_github\ds3-workinprogress\code\of_v0.8.0_vs_release\apps\myapps\reactivespace\obj\debug\ofxcvfloatimage.obj
d:\work\00_github\ds3-workinprogress\code\of_v0.8.0_vs_release\apps\myapps\reactivespace\obj\debug\ofxcvgrayscaleimage.obj
d:\work\00_github\ds3-workinprogress\code\of_v0.8.0_vs_release\apps\myapps\reactivespace\obj\debug\ofxcvhaarfinder.obj
d:\work\00_github\ds3-workinprogress\code\of_v0.8.0_vs_release\apps\myapps\reactivespace\obj\debug\ofxcvimage.obj
d:\work\00_github\ds3-workinprogress\code\of_v0.8.0_vs_release\apps\myapps\reactivespace\obj\debug\ofxcvshortimage.obj
d:\work\00_github\ds3-workinprogress\code\of_v0.8.0_vs_release\apps\myapps\reactivespace\obj\debug\firstscene.obj
d:\work\00_github\ds3-workinprogress\code\of_v0.8.0_vs_release\apps\myapps\reactivespace\obj\debug\iscene.obj
d:\work\00_github\ds3-workinprogress\code\of_v0.8.0_vs_release\apps\myapps\reactivespace\obj\debug\main.obj
d:\work\00_github\ds3-workinprogress\code\of_v0.8.0_vs_release\apps\myapps\reactivespace\obj\debug\particle.obj
d:\work\00_github\ds3-workinprogress\code\of_v0.8.0_vs_release\apps\myapps\reactivespace\obj\debug\reactivespaceapp.obj
d:\work\00_github\ds3-workinprogress\code\of_v0.8.0_vs_release\apps\myapps\reactivespace\obj\debug\vc110.pdb
d:\work\00_github\ds3-workinprogress\code\of_v0.8.0_vs_release\apps\myapps\reactivespace\bin\reactivespace_debug.ilk
d:\work\00_github\ds3-workinprogress\code\of_v0.8.0_vs_release\apps\myapps\reactivespace\bin\reactivespace_debug.exe
d:\work\00_github\ds3-workinprogress\code\of_v0.8.0_vs_release\apps\myapps\reactivespace\bin\reactivespace_debug.pdb
d:\work\00_github\ds3-workinprogress\code\of_v0.8.0_vs_release\apps\myapps\reactivespace\obj\debug\icon.res
d:\work\00_github\ds3-workinprogress\code\of_v0.8.0_vs_release\apps\myapps\reactivespace\bin\reactivespace_debug.lib
d:\work\00_github\ds3-workinprogress\code\of_v0.8.0_vs_release\apps\myapps\reactivespace\bin\reactivespace_debug.exp
d:\work\00_github\ds3-workinprogress\code\of_v0.8.0_vs_release\apps\myapps\reactivespace\obj\debug\cl.command.1.tlog
d:\work\00_github\ds3-workinprogress\code\of_v0.8.0_vs_release\apps\myapps\reactivespace\obj\debug\cl.read.1.tlog
d:\work\00_github\ds3-workinprogress\code\of_v0.8.0_vs_release\apps\myapps\reactivespace\obj\debug\cl.write.1.tlog
d:\work\00_github\ds3-workinprogress\code\of_v0.8.0_vs_release\apps\myapps\reactivespace\obj\debug\link-cvtres.read.1.tlog
d:\work\00_github\ds3-workinprogress\code\of_v0.8.0_vs_release\apps\myapps\reactivespace\obj\debug\link-cvtres.write.1.tlog
d:\work\00_github\ds3-workinprogress\code\of_v0.8.0_vs_release\apps\myapps\reactivespace\obj\debug\link-rc.read.1.tlog
d:\work\00_github\ds3-workinprogress\code\of_v0.8.0_vs_release\apps\myapps\reactivespace\obj\debug\link-rc.write.1.tlog
d:\work\00_github\ds3-workinprogress\code\of_v0.8.0_vs_release\apps\myapps\reactivespace\obj\debug\link.1344-cvtres.read.1.tlog
d:\work\00_github\ds3-workinprogress\code\of_v0.8.0_vs_release\apps\myapps\reactivespace\obj\debug\link.1344-cvtres.write.1.tlog
d:\work\00_github\ds3-workinprogress\code\of_v0.8.0_vs_release\apps\myapps\reactivespace\obj\debug\link.1344-rc.read.1.tlog
d:\work\00_github\ds3-workinprogress\code\of_v0.8.0_vs_release\apps\myapps\reactivespace\obj\debug\link.1344-rc.write.1.tlog
d:\work\00_github\ds3-workinprogress\code\of_v0.8.0_vs_release\apps\myapps\reactivespace\obj\debug\link.1344.read.1.tlog
d:\work\00_github\ds3-workinprogress\code\of_v0.8.0_vs_release\apps\myapps\reactivespace\obj\debug\link.1344.write.1.tlog
d:\work\00_github\ds3-workinprogress\code\of_v0.8.0_vs_release\apps\myapps\reactivespace\obj\debug\link.command.1.tlog
d:\work\00_github\ds3-workinprogress\code\of_v0.8.0_vs_release\apps\myapps\reactivespace\obj\debug\link.read.1.tlog
d:\work\00_github\ds3-workinprogress\code\of_v0.8.0_vs_release\apps\myapps\reactivespace\obj\debug\link.write.1.tlog
d:\work\00_github\ds3-workinprogress\code\of_v0.8.0_vs_release\apps\myapps\reactivespace\obj\debug\rc.command.1.tlog
d:\work\00_github\ds3-workinprogress\code\of_v0.8.0_vs_release\apps\myapps\reactivespace\obj\debug\rc.read.1.tlog
d:\work\00_github\ds3-workinprogress\code\of_v0.8.0_vs_release\apps\myapps\reactivespace\obj\debug\rc.write.1.tlog
d:\work\00_github\ds3-workinprogress\code\of_v0.8.0_vs_release\apps\myapps\reactivespace\obj\debug\reactivespace.write.1.tlog
d:\work\00_github\ds3-workinprogress\code\of_v0.8.0_vs_release\apps\myapps\reactivespace\obj\debug\vc110.idb
