d:\work\00_github\ds3-workinprogress\code\of_v0.8.0_vs_release\libs\openframeworkscompiled\lib\vs\openframeworkslib_debug.bsc
d:\work\00_github\ds3-workinprogress\code\of_v0.8.0_vs_release\libs\openframeworkscompiled\project\vs\obj\debug\ofserial.sbr
d:\work\00_github\ds3-workinprogress\code\of_v0.8.0_vs_release\libs\openframeworkscompiled\project\vs\obj\debug\ofarduino.sbr
d:\work\00_github\ds3-workinprogress\code\of_v0.8.0_vs_release\libs\openframeworkscompiled\project\vs\obj\debug\ofvideoplayer.sbr
d:\work\00_github\ds3-workinprogress\code\of_v0.8.0_vs_release\libs\openframeworkscompiled\project\vs\obj\debug\ofvideograbber.sbr
d:\work\00_github\ds3-workinprogress\code\of_v0.8.0_vs_release\libs\openframeworkscompiled\project\vs\obj\debug\ofquicktimeplayer.sbr
d:\work\00_github\ds3-workinprogress\code\of_v0.8.0_vs_release\libs\openframeworkscompiled\project\vs\obj\debug\ofquicktimegrabber.sbr
d:\work\00_github\ds3-workinprogress\code\of_v0.8.0_vs_release\libs\openframeworkscompiled\project\vs\obj\debug\ofqtutils.sbr
d:\work\00_github\ds3-workinprogress\code\of_v0.8.0_vs_release\libs\openframeworkscompiled\project\vs\obj\debug\ofdirectshowgrabber.sbr
d:\work\00_github\ds3-workinprogress\code\of_v0.8.0_vs_release\libs\openframeworkscompiled\project\vs\obj\debug\ofxml.sbr
d:\work\00_github\ds3-workinprogress\code\of_v0.8.0_vs_release\libs\openframeworkscompiled\project\vs\obj\debug\ofutils.sbr
d:\work\00_github\ds3-workinprogress\code\of_v0.8.0_vs_release\libs\openframeworkscompiled\project\vs\obj\debug\ofurlfileloader.sbr
d:\work\00_github\ds3-workinprogress\code\of_v0.8.0_vs_release\libs\openframeworkscompiled\project\vs\obj\debug\ofthread.sbr
d:\work\00_github\ds3-workinprogress\code\of_v0.8.0_vs_release\libs\openframeworkscompiled\project\vs\obj\debug\ofsystemutils.sbr
d:\work\00_github\ds3-workinprogress\code\of_v0.8.0_vs_release\libs\openframeworkscompiled\project\vs\obj\debug\ofmatrixstack.sbr
d:\work\00_github\ds3-workinprogress\code\of_v0.8.0_vs_release\libs\openframeworkscompiled\project\vs\obj\debug\oflog.sbr
d:\work\00_github\ds3-workinprogress\code\of_v0.8.0_vs_release\libs\openframeworkscompiled\project\vs\obj\debug\offileutils.sbr
d:\work\00_github\ds3-workinprogress\code\of_v0.8.0_vs_release\libs\openframeworkscompiled\project\vs\obj\debug\ofrectangle.sbr
d:\work\00_github\ds3-workinprogress\code\of_v0.8.0_vs_release\libs\openframeworkscompiled\project\vs\obj\debug\ofparametergroup.sbr
d:\work\00_github\ds3-workinprogress\code\of_v0.8.0_vs_release\libs\openframeworkscompiled\project\vs\obj\debug\ofparameter.sbr
d:\work\00_github\ds3-workinprogress\code\of_v0.8.0_vs_release\libs\openframeworkscompiled\project\vs\obj\debug\ofcolor.sbr
d:\work\00_github\ds3-workinprogress\code\of_v0.8.0_vs_release\libs\openframeworkscompiled\project\vs\obj\debug\ofcolor.obj
d:\work\00_github\ds3-workinprogress\code\of_v0.8.0_vs_release\libs\openframeworkscompiled\project\vs\obj\debug\ofparameter.obj
d:\work\00_github\ds3-workinprogress\code\of_v0.8.0_vs_release\libs\openframeworkscompiled\project\vs\obj\debug\ofparametergroup.obj
d:\work\00_github\ds3-workinprogress\code\of_v0.8.0_vs_release\libs\openframeworkscompiled\project\vs\obj\debug\ofrectangle.obj
d:\work\00_github\ds3-workinprogress\code\of_v0.8.0_vs_release\libs\openframeworkscompiled\project\vs\obj\debug\offileutils.obj
d:\work\00_github\ds3-workinprogress\code\of_v0.8.0_vs_release\libs\openframeworkscompiled\project\vs\obj\debug\oflog.obj
d:\work\00_github\ds3-workinprogress\code\of_v0.8.0_vs_release\libs\openframeworkscompiled\project\vs\obj\debug\ofmatrixstack.obj
d:\work\00_github\ds3-workinprogress\code\of_v0.8.0_vs_release\libs\openframeworkscompiled\project\vs\obj\debug\ofsystemutils.obj
d:\work\00_github\ds3-workinprogress\code\of_v0.8.0_vs_release\libs\openframeworkscompiled\project\vs\obj\debug\ofthread.obj
d:\work\00_github\ds3-workinprogress\code\of_v0.8.0_vs_release\libs\openframeworkscompiled\project\vs\obj\debug\ofurlfileloader.obj
d:\work\00_github\ds3-workinprogress\code\of_v0.8.0_vs_release\libs\openframeworkscompiled\project\vs\obj\debug\ofutils.obj
d:\work\00_github\ds3-workinprogress\code\of_v0.8.0_vs_release\libs\openframeworkscompiled\project\vs\obj\debug\ofxml.obj
d:\work\00_github\ds3-workinprogress\code\of_v0.8.0_vs_release\libs\openframeworkscompiled\project\vs\obj\debug\ofdirectshowgrabber.obj
d:\work\00_github\ds3-workinprogress\code\of_v0.8.0_vs_release\libs\openframeworkscompiled\project\vs\obj\debug\ofqtutils.obj
d:\work\00_github\ds3-workinprogress\code\of_v0.8.0_vs_release\libs\openframeworkscompiled\project\vs\obj\debug\ofquicktimegrabber.obj
d:\work\00_github\ds3-workinprogress\code\of_v0.8.0_vs_release\libs\openframeworkscompiled\project\vs\obj\debug\ofquicktimeplayer.obj
d:\work\00_github\ds3-workinprogress\code\of_v0.8.0_vs_release\libs\openframeworkscompiled\project\vs\obj\debug\ofvideograbber.obj
d:\work\00_github\ds3-workinprogress\code\of_v0.8.0_vs_release\libs\openframeworkscompiled\project\vs\obj\debug\ofvideoplayer.obj
d:\work\00_github\ds3-workinprogress\code\of_v0.8.0_vs_release\libs\openframeworkscompiled\project\vs\obj\debug\ofarduino.obj
d:\work\00_github\ds3-workinprogress\code\of_v0.8.0_vs_release\libs\openframeworkscompiled\project\vs\obj\debug\ofserial.obj
d:\work\00_github\ds3-workinprogress\code\of_v0.8.0_vs_release\libs\openframeworkscompiled\project\vs\obj\debug\ofbasetypes.sbr
d:\work\00_github\ds3-workinprogress\code\of_v0.8.0_vs_release\libs\openframeworkscompiled\project\vs\obj\debug\ofsoundstream.sbr
d:\work\00_github\ds3-workinprogress\code\of_v0.8.0_vs_release\libs\openframeworkscompiled\project\vs\obj\debug\ofsoundplayer.sbr
d:\work\00_github\ds3-workinprogress\code\of_v0.8.0_vs_release\libs\openframeworkscompiled\project\vs\obj\debug\ofrtaudiosoundstream.sbr
d:\work\00_github\ds3-workinprogress\code\of_v0.8.0_vs_release\libs\openframeworkscompiled\project\vs\obj\debug\offmodsoundplayer.sbr
d:\work\00_github\ds3-workinprogress\code\of_v0.8.0_vs_release\libs\openframeworkscompiled\project\vs\obj\debug\ofvec4f.sbr
d:\work\00_github\ds3-workinprogress\code\of_v0.8.0_vs_release\libs\openframeworkscompiled\project\vs\obj\debug\ofvec2f.sbr
d:\work\00_github\ds3-workinprogress\code\of_v0.8.0_vs_release\libs\openframeworkscompiled\project\vs\obj\debug\ofquaternion.sbr
d:\work\00_github\ds3-workinprogress\code\of_v0.8.0_vs_release\libs\openframeworkscompiled\project\vs\obj\debug\ofmatrix4x4.sbr
d:\work\00_github\ds3-workinprogress\code\of_v0.8.0_vs_release\libs\openframeworkscompiled\project\vs\obj\debug\ofmatrix3x3.sbr
d:\work\00_github\ds3-workinprogress\code\of_v0.8.0_vs_release\libs\openframeworkscompiled\project\vs\obj\debug\ofmath.sbr
d:\work\00_github\ds3-workinprogress\code\of_v0.8.0_vs_release\libs\openframeworkscompiled\project\vs\obj\debug\oftruetypefont.sbr
d:\work\00_github\ds3-workinprogress\code\of_v0.8.0_vs_release\libs\openframeworkscompiled\project\vs\obj\debug\oftessellator.sbr
d:\work\00_github\ds3-workinprogress\code\of_v0.8.0_vs_release\libs\openframeworkscompiled\project\vs\obj\debug\ofrenderercollection.sbr
d:\work\00_github\ds3-workinprogress\code\of_v0.8.0_vs_release\libs\openframeworkscompiled\project\vs\obj\debug\ofpolyline.sbr
d:\work\00_github\ds3-workinprogress\code\of_v0.8.0_vs_release\libs\openframeworkscompiled\project\vs\obj\debug\ofpixels.sbr
d:\work\00_github\ds3-workinprogress\code\of_v0.8.0_vs_release\libs\openframeworkscompiled\project\vs\obj\debug\ofpath.sbr
d:\work\00_github\ds3-workinprogress\code\of_v0.8.0_vs_release\libs\openframeworkscompiled\project\vs\obj\debug\ofimage.sbr
d:\work\00_github\ds3-workinprogress\code\of_v0.8.0_vs_release\libs\openframeworkscompiled\project\vs\obj\debug\ofgraphics.sbr
d:\work\00_github\ds3-workinprogress\code\of_v0.8.0_vs_release\libs\openframeworkscompiled\project\vs\obj\debug\ofcairorenderer.sbr
d:\work\00_github\ds3-workinprogress\code\of_v0.8.0_vs_release\libs\openframeworkscompiled\project\vs\obj\debug\ofcairorenderer.obj
d:\work\00_github\ds3-workinprogress\code\of_v0.8.0_vs_release\libs\openframeworkscompiled\project\vs\obj\debug\ofgraphics.obj
d:\work\00_github\ds3-workinprogress\code\of_v0.8.0_vs_release\libs\openframeworkscompiled\project\vs\obj\debug\ofimage.obj
d:\work\00_github\ds3-workinprogress\code\of_v0.8.0_vs_release\libs\openframeworkscompiled\project\vs\obj\debug\ofpath.obj
d:\work\00_github\ds3-workinprogress\code\of_v0.8.0_vs_release\libs\openframeworkscompiled\project\vs\obj\debug\ofpixels.obj
d:\work\00_github\ds3-workinprogress\code\of_v0.8.0_vs_release\libs\openframeworkscompiled\project\vs\obj\debug\ofpolyline.obj
d:\work\00_github\ds3-workinprogress\code\of_v0.8.0_vs_release\libs\openframeworkscompiled\project\vs\obj\debug\ofrenderercollection.obj
d:\work\00_github\ds3-workinprogress\code\of_v0.8.0_vs_release\libs\openframeworkscompiled\project\vs\obj\debug\oftessellator.obj
d:\work\00_github\ds3-workinprogress\code\of_v0.8.0_vs_release\libs\openframeworkscompiled\project\vs\obj\debug\oftruetypefont.obj
d:\work\00_github\ds3-workinprogress\code\of_v0.8.0_vs_release\libs\openframeworkscompiled\project\vs\obj\debug\ofmath.obj
d:\work\00_github\ds3-workinprogress\code\of_v0.8.0_vs_release\libs\openframeworkscompiled\project\vs\obj\debug\ofmatrix3x3.obj
d:\work\00_github\ds3-workinprogress\code\of_v0.8.0_vs_release\libs\openframeworkscompiled\project\vs\obj\debug\ofmatrix4x4.obj
d:\work\00_github\ds3-workinprogress\code\of_v0.8.0_vs_release\libs\openframeworkscompiled\project\vs\obj\debug\ofquaternion.obj
d:\work\00_github\ds3-workinprogress\code\of_v0.8.0_vs_release\libs\openframeworkscompiled\project\vs\obj\debug\ofvec2f.obj
d:\work\00_github\ds3-workinprogress\code\of_v0.8.0_vs_release\libs\openframeworkscompiled\project\vs\obj\debug\ofvec4f.obj
d:\work\00_github\ds3-workinprogress\code\of_v0.8.0_vs_release\libs\openframeworkscompiled\project\vs\obj\debug\offmodsoundplayer.obj
d:\work\00_github\ds3-workinprogress\code\of_v0.8.0_vs_release\libs\openframeworkscompiled\project\vs\obj\debug\ofrtaudiosoundstream.obj
d:\work\00_github\ds3-workinprogress\code\of_v0.8.0_vs_release\libs\openframeworkscompiled\project\vs\obj\debug\ofsoundplayer.obj
d:\work\00_github\ds3-workinprogress\code\of_v0.8.0_vs_release\libs\openframeworkscompiled\project\vs\obj\debug\ofsoundstream.obj
d:\work\00_github\ds3-workinprogress\code\of_v0.8.0_vs_release\libs\openframeworkscompiled\project\vs\obj\debug\ofbasetypes.obj
d:\work\00_github\ds3-workinprogress\code\of_v0.8.0_vs_release\libs\openframeworkscompiled\project\vs\obj\debug\ofbitmapfont.sbr
d:\work\00_github\ds3-workinprogress\code\of_v0.8.0_vs_release\libs\openframeworkscompiled\project\vs\obj\debug\of3dgraphics.sbr
d:\work\00_github\ds3-workinprogress\code\of_v0.8.0_vs_release\libs\openframeworkscompiled\project\vs\obj\debug\ofvbomesh.sbr
d:\work\00_github\ds3-workinprogress\code\of_v0.8.0_vs_release\libs\openframeworkscompiled\project\vs\obj\debug\ofvbo.sbr
d:\work\00_github\ds3-workinprogress\code\of_v0.8.0_vs_release\libs\openframeworkscompiled\project\vs\obj\debug\oftexture.sbr
d:\work\00_github\ds3-workinprogress\code\of_v0.8.0_vs_release\libs\openframeworkscompiled\project\vs\obj\debug\ofshader.sbr
d:\work\00_github\ds3-workinprogress\code\of_v0.8.0_vs_release\libs\openframeworkscompiled\project\vs\obj\debug\ofglprogrammablerenderer.sbr
d:\work\00_github\ds3-workinprogress\code\of_v0.8.0_vs_release\libs\openframeworkscompiled\project\vs\obj\debug\ofmaterial.sbr
d:\work\00_github\ds3-workinprogress\code\of_v0.8.0_vs_release\libs\openframeworkscompiled\project\vs\obj\debug\oflight.sbr
d:\work\00_github\ds3-workinprogress\code\of_v0.8.0_vs_release\libs\openframeworkscompiled\project\vs\obj\debug\ofglutils.sbr
d:\work\00_github\ds3-workinprogress\code\of_v0.8.0_vs_release\libs\openframeworkscompiled\project\vs\obj\debug\ofglrenderer.sbr
d:\work\00_github\ds3-workinprogress\code\of_v0.8.0_vs_release\libs\openframeworkscompiled\project\vs\obj\debug\offbo.sbr
d:\work\00_github\ds3-workinprogress\code\of_v0.8.0_vs_release\libs\openframeworkscompiled\project\vs\obj\debug\ofevents.sbr
d:\work\00_github\ds3-workinprogress\code\of_v0.8.0_vs_release\libs\openframeworkscompiled\project\vs\obj\debug\ofapprunner.sbr
d:\work\00_github\ds3-workinprogress\code\of_v0.8.0_vs_release\libs\openframeworkscompiled\project\vs\obj\debug\ofappnowindow.sbr
d:\work\00_github\ds3-workinprogress\code\of_v0.8.0_vs_release\libs\openframeworkscompiled\project\vs\obj\debug\ofappglutwindow.sbr
d:\work\00_github\ds3-workinprogress\code\of_v0.8.0_vs_release\libs\openframeworkscompiled\project\vs\obj\debug\ofappglfwwindow.sbr
d:\work\00_github\ds3-workinprogress\code\of_v0.8.0_vs_release\libs\openframeworkscompiled\project\vs\obj\debug\ofnode.sbr
d:\work\00_github\ds3-workinprogress\code\of_v0.8.0_vs_release\libs\openframeworkscompiled\project\vs\obj\debug\ofmesh.sbr
d:\work\00_github\ds3-workinprogress\code\of_v0.8.0_vs_release\libs\openframeworkscompiled\project\vs\obj\debug\ofeasycam.sbr
d:\work\00_github\ds3-workinprogress\code\of_v0.8.0_vs_release\libs\openframeworkscompiled\project\vs\obj\debug\ofeasycam.obj
d:\work\00_github\ds3-workinprogress\code\of_v0.8.0_vs_release\libs\openframeworkscompiled\project\vs\obj\debug\ofmesh.obj
d:\work\00_github\ds3-workinprogress\code\of_v0.8.0_vs_release\libs\openframeworkscompiled\project\vs\obj\debug\ofnode.obj
d:\work\00_github\ds3-workinprogress\code\of_v0.8.0_vs_release\libs\openframeworkscompiled\project\vs\obj\debug\ofappglfwwindow.obj
d:\work\00_github\ds3-workinprogress\code\of_v0.8.0_vs_release\libs\openframeworkscompiled\project\vs\obj\debug\ofappglutwindow.obj
d:\work\00_github\ds3-workinprogress\code\of_v0.8.0_vs_release\libs\openframeworkscompiled\project\vs\obj\debug\ofappnowindow.obj
d:\work\00_github\ds3-workinprogress\code\of_v0.8.0_vs_release\libs\openframeworkscompiled\project\vs\obj\debug\ofapprunner.obj
d:\work\00_github\ds3-workinprogress\code\of_v0.8.0_vs_release\libs\openframeworkscompiled\project\vs\obj\debug\ofevents.obj
d:\work\00_github\ds3-workinprogress\code\of_v0.8.0_vs_release\libs\openframeworkscompiled\project\vs\obj\debug\offbo.obj
d:\work\00_github\ds3-workinprogress\code\of_v0.8.0_vs_release\libs\openframeworkscompiled\project\vs\obj\debug\ofglrenderer.obj
d:\work\00_github\ds3-workinprogress\code\of_v0.8.0_vs_release\libs\openframeworkscompiled\project\vs\obj\debug\ofglutils.obj
d:\work\00_github\ds3-workinprogress\code\of_v0.8.0_vs_release\libs\openframeworkscompiled\project\vs\obj\debug\oflight.obj
d:\work\00_github\ds3-workinprogress\code\of_v0.8.0_vs_release\libs\openframeworkscompiled\project\vs\obj\debug\ofmaterial.obj
d:\work\00_github\ds3-workinprogress\code\of_v0.8.0_vs_release\libs\openframeworkscompiled\project\vs\obj\debug\ofglprogrammablerenderer.obj
d:\work\00_github\ds3-workinprogress\code\of_v0.8.0_vs_release\libs\openframeworkscompiled\project\vs\obj\debug\ofshader.obj
d:\work\00_github\ds3-workinprogress\code\of_v0.8.0_vs_release\libs\openframeworkscompiled\project\vs\obj\debug\oftexture.obj
d:\work\00_github\ds3-workinprogress\code\of_v0.8.0_vs_release\libs\openframeworkscompiled\project\vs\obj\debug\ofvbo.obj
d:\work\00_github\ds3-workinprogress\code\of_v0.8.0_vs_release\libs\openframeworkscompiled\project\vs\obj\debug\ofvbomesh.obj
d:\work\00_github\ds3-workinprogress\code\of_v0.8.0_vs_release\libs\openframeworkscompiled\project\vs\obj\debug\of3dgraphics.obj
d:\work\00_github\ds3-workinprogress\code\of_v0.8.0_vs_release\libs\openframeworkscompiled\project\vs\obj\debug\ofbitmapfont.obj
d:\work\00_github\ds3-workinprogress\code\of_v0.8.0_vs_release\libs\openframeworkscompiled\project\vs\obj\debug\ofcamera.sbr
d:\work\00_github\ds3-workinprogress\code\of_v0.8.0_vs_release\libs\openframeworkscompiled\project\vs\obj\debug\of3dutils.sbr
d:\work\00_github\ds3-workinprogress\code\of_v0.8.0_vs_release\libs\openframeworkscompiled\project\vs\obj\debug\of3dprimitives.sbr
d:\work\00_github\ds3-workinprogress\code\of_v0.8.0_vs_release\libs\openframeworkscompiled\project\vs\obj\debug\of3dprimitives.obj
d:\work\00_github\ds3-workinprogress\code\of_v0.8.0_vs_release\libs\openframeworkscompiled\project\vs\obj\debug\of3dutils.obj
d:\work\00_github\ds3-workinprogress\code\of_v0.8.0_vs_release\libs\openframeworkscompiled\project\vs\obj\debug\ofcamera.obj
d:\work\00_github\ds3-workinprogress\code\of_v0.8.0_vs_release\libs\openframeworkscompiled\project\vs\obj\debug\vc110.pdb
d:\work\00_github\ds3-workinprogress\code\of_v0.8.0_vs_release\libs\openframeworkscompiled\lib\vs\openframeworkslib_debug.lib
d:\work\00_github\ds3-workinprogress\code\of_v0.8.0_vs_release\libs\openframeworkscompiled\project\vs\obj\debug\bscmake.command.1.tlog
d:\work\00_github\ds3-workinprogress\code\of_v0.8.0_vs_release\libs\openframeworkscompiled\project\vs\obj\debug\bscmake.read.1.tlog
d:\work\00_github\ds3-workinprogress\code\of_v0.8.0_vs_release\libs\openframeworkscompiled\project\vs\obj\debug\bscmake.write.1.tlog
d:\work\00_github\ds3-workinprogress\code\of_v0.8.0_vs_release\libs\openframeworkscompiled\project\vs\obj\debug\cl.command.1.tlog
d:\work\00_github\ds3-workinprogress\code\of_v0.8.0_vs_release\libs\openframeworkscompiled\project\vs\obj\debug\cl.read.1.tlog
d:\work\00_github\ds3-workinprogress\code\of_v0.8.0_vs_release\libs\openframeworkscompiled\project\vs\obj\debug\cl.write.1.tlog
d:\work\00_github\ds3-workinprogress\code\of_v0.8.0_vs_release\libs\openframeworkscompiled\project\vs\obj\debug\lib-link.read.1.tlog
d:\work\00_github\ds3-workinprogress\code\of_v0.8.0_vs_release\libs\openframeworkscompiled\project\vs\obj\debug\lib-link.write.1.tlog
d:\work\00_github\ds3-workinprogress\code\of_v0.8.0_vs_release\libs\openframeworkscompiled\project\vs\obj\debug\lib.command.1.tlog
d:\work\00_github\ds3-workinprogress\code\of_v0.8.0_vs_release\libs\openframeworkscompiled\project\vs\obj\debug\vc110.idb
d:\work\00_github\ds3-workinprogress\code\of_v0.8.0_vs_release\libs\openframeworkscompiled\project\vs\..\..\lib\vs\openframeworkslib_debug.lib
